Copyright 1986-2022 Xilinx, Inc. All Rights Reserved. Copyright 2022-2025 Advanced Micro Devices, Inc. All Rights Reserved.
---------------------------------------------------------------------------------------------------------------------------------------------------------------------------------------------------------------------
| Tool Version : Vivado v.2025.2 (win64) Build 6299465 Fri Nov 14 19:35:11 GMT 2025
| Date         : Fri Feb 27 17:14:46 2026
| Host         : DESKTOP-K3KSV87 running 64-bit major release  (build 9200)
| Command      : report_timing_summary -max_paths 10 -routable_nets -report_unconstrained -file top_timing_summary_routed.rpt -pb top_timing_summary_routed.pb -rpx top_timing_summary_routed.rpx -warn_on_violation
| Design       : top
| Device       : 7a35t-cpg236
| Speed File   : -1  PRODUCTION 1.23 2018-06-13
| Design State : Routed
---------------------------------------------------------------------------------------------------------------------------------------------------------------------------------------------------------------------

Timing Summary Report

------------------------------------------------------------------------------------------------
| Timer Settings
| --------------
------------------------------------------------------------------------------------------------

  Enable Multi Corner Analysis               :  Yes
  Enable Pessimism Removal                   :  Yes
  Pessimism Removal Resolution               :  Nearest Common Node
  Enable Input Delay Default Clock           :  No
  Enable Preset / Clear Arcs                 :  No
  Disable Flight Delays                      :  No
  Ignore I/O Paths                           :  No
  Timing Early Launch at Borrowing Latches   :  No
  Borrow Time for Max Delay Exceptions       :  Yes
  Merge Timing Exceptions                    :  Yes
  Inter-SLR Compensation                     :  Conservative

  Corner  Analyze    Analyze    
  Name    Max Paths  Min Paths  
  ------  ---------  ---------  
  Slow    Yes        Yes        
  Fast    Yes        Yes        


------------------------------------------------------------------------------------------------
| Report Methodology
| ------------------
------------------------------------------------------------------------------------------------

No report available as report_methodology has not been run prior. Run report_methodology on the current design for the summary of methodology violations.



check_timing report

Table of Contents
-----------------
1. checking no_clock (0)
2. checking constant_clock (0)
3. checking pulse_width_clock (0)
4. checking unconstrained_internal_endpoints (0)
5. checking no_input_delay (0)
6. checking no_output_delay (0)
7. checking multiple_clock (0)
8. checking generated_clocks (0)
9. checking loops (0)
10. checking partial_input_delay (0)
11. checking partial_output_delay (0)
12. checking latch_loops (0)

1. checking no_clock (0)
------------------------
 There are 0 register/latch pins with no clock.


2. checking constant_clock (0)
------------------------------
 There are 0 register/latch pins with constant_clock.


3. checking pulse_width_clock (0)
---------------------------------
 There are 0 register/latch pins which need pulse_width check


4. checking unconstrained_internal_endpoints (0)
------------------------------------------------
 There are 0 pins that are not constrained for maximum delay.

 There are 0 pins that are not constrained for maximum delay due to constant clock.


5. checking no_input_delay (0)
------------------------------
 There are 0 input ports with no input delay specified.

 There are 0 input ports with no input delay but user has a false path constraint.


6. checking no_output_delay (0)
-------------------------------
 There are 0 ports with no output delay specified.

 There are 0 ports with no output delay but user has a false path constraint

 There are 0 ports with no output delay but with a timing clock defined on it or propagating through it


7. checking multiple_clock (0)
------------------------------
 There are 0 register/latch pins with multiple clocks.


8. checking generated_clocks (0)
--------------------------------
 There are 0 generated clocks that are not connected to a clock source.


9. checking loops (0)
---------------------
 There are 0 combinational loops in the design.


10. checking partial_input_delay (0)
------------------------------------
 There are 0 input ports with partial input delay specified.


11. checking partial_output_delay (0)
-------------------------------------
 There are 0 ports with partial output delay specified.


12. checking latch_loops (0)
----------------------------
 There are 0 combinational latch loops in the design through latch input



------------------------------------------------------------------------------------------------
| Design Timing Summary
| ---------------------
------------------------------------------------------------------------------------------------

    WNS(ns)      TNS(ns)  TNS Failing Endpoints  TNS Total Endpoints      WHS(ns)      THS(ns)  THS Failing Endpoints  THS Total Endpoints     WPWS(ns)     TPWS(ns)  TPWS Failing Endpoints  TPWS Total Endpoints  
    -------      -------  ---------------------  -------------------      -------      -------  ---------------------  -------------------     --------     --------  ----------------------  --------------------  
        inf        0.000                      0                    8          inf        0.000                      0                    8           NA           NA                      NA                    NA  


There are no user specified timing constraints.


------------------------------------------------------------------------------------------------
| Clock Summary
| -------------
------------------------------------------------------------------------------------------------


------------------------------------------------------------------------------------------------
| Intra Clock Table
| -----------------
------------------------------------------------------------------------------------------------

Clock             WNS(ns)      TNS(ns)  TNS Failing Endpoints  TNS Total Endpoints      WHS(ns)      THS(ns)  THS Failing Endpoints  THS Total Endpoints     WPWS(ns)     TPWS(ns)  TPWS Failing Endpoints  TPWS Total Endpoints  
-----             -------      -------  ---------------------  -------------------      -------      -------  ---------------------  -------------------     --------     --------  ----------------------  --------------------  


------------------------------------------------------------------------------------------------
| Inter Clock Table
| -----------------
------------------------------------------------------------------------------------------------

From Clock    To Clock          WNS(ns)      TNS(ns)  TNS Failing Endpoints  TNS Total Endpoints      WHS(ns)      THS(ns)  THS Failing Endpoints  THS Total Endpoints  
----------    --------          -------      -------  ---------------------  -------------------      -------      -------  ---------------------  -------------------  


------------------------------------------------------------------------------------------------
| Other Path Groups Table
| -----------------------
------------------------------------------------------------------------------------------------

Path Group    From Clock    To Clock          WNS(ns)      TNS(ns)  TNS Failing Endpoints  TNS Total Endpoints      WHS(ns)      THS(ns)  THS Failing Endpoints  THS Total Endpoints  
----------    ----------    --------          -------      -------  ---------------------  -------------------      -------      -------  ---------------------  -------------------  


------------------------------------------------------------------------------------------------
| User Ignored Path Table
| -----------------------
------------------------------------------------------------------------------------------------

Path Group    From Clock    To Clock    
----------    ----------    --------    


------------------------------------------------------------------------------------------------
| Unconstrained Path Table
| ------------------------
------------------------------------------------------------------------------------------------

Path Group    From Clock    To Clock    
----------    ----------    --------    
(none)                                    


------------------------------------------------------------------------------------------------
| Timing Details
| --------------
------------------------------------------------------------------------------------------------


--------------------------------------------------------------------------------------
Path Group:  (none)
From Clock:  
  To Clock:  

Max Delay             8 Endpoints
Min Delay             8 Endpoints
--------------------------------------------------------------------------------------


Max Delay Paths
--------------------------------------------------------------------------------------
Slack:                    inf
  Source:                 sw0
                            (input port)
  Destination:            led[1]
                            (output port)
  Path Group:             (none)
  Path Type:              Max at Slow Process Corner
  Data Path Delay:        9.320ns  (logic 5.107ns (54.791%)  route 4.214ns (45.209%))
  Logic Levels:           3  (IBUF=1 LUT4=1 OBUF=1)

    Location             Delay type                Incr(ns)  Path(ns)    Netlist Resource(s)
  -------------------------------------------------------------------    -------------------
    V17                                               0.000     0.000 f  sw0 (IN)
                         net (fo=0)                   0.000     0.000    sw0
    V17                  IBUF (Prop_ibuf_I_O)         1.453     1.453 f  sw0_IBUF_inst/O
                         net (fo=8, routed)           1.580     3.032    sw0_IBUF
    SLICE_X0Y10          LUT4 (Prop_lut4_I1_O)        0.124     3.156 r  led_OBUF[1]_inst_i_1/O
                         net (fo=1, routed)           2.634     5.790    led_OBUF[1]
    E19                  OBUF (Prop_obuf_I_O)         3.530     9.320 r  led_OBUF[1]_inst/O
                         net (fo=0)                   0.000     9.320    led[1]
    E19                                                               r  led[1] (OUT)
  -------------------------------------------------------------------    -------------------

Slack:                    inf
  Source:                 sw1
                            (input port)
  Destination:            led[3]
                            (output port)
  Path Group:             (none)
  Path Type:              Max at Slow Process Corner
  Data Path Delay:        8.817ns  (logic 5.330ns (60.454%)  route 3.487ns (39.546%))
  Logic Levels:           3  (IBUF=1 LUT4=1 OBUF=1)

    Location             Delay type                Incr(ns)  Path(ns)    Netlist Resource(s)
  -------------------------------------------------------------------    -------------------
    V16                                               0.000     0.000 r  sw1 (IN)
                         net (fo=0)                   0.000     0.000    sw1
    V16                  IBUF (Prop_ibuf_I_O)         1.461     1.461 r  sw1_IBUF_inst/O
                         net (fo=8, routed)           1.411     2.873    sw1_IBUF
    SLICE_X0Y10          LUT4 (Prop_lut4_I3_O)        0.152     3.025 r  led_OBUF[3]_inst_i_1/O
                         net (fo=1, routed)           2.075     5.100    led_OBUF[3]
    V19                  OBUF (Prop_obuf_I_O)         3.717     8.817 r  led_OBUF[3]_inst/O
                         net (fo=0)                   0.000     8.817    led[3]
    V19                                                               r  led[3] (OUT)
  -------------------------------------------------------------------    -------------------

Slack:                    inf
  Source:                 sw0
                            (input port)
  Destination:            led[0]
                            (output port)
  Path Group:             (none)
  Path Type:              Max at Slow Process Corner
  Data Path Delay:        8.769ns  (logic 5.312ns (60.571%)  route 3.458ns (39.429%))
  Logic Levels:           3  (IBUF=1 LUT4=1 OBUF=1)

    Location             Delay type                Incr(ns)  Path(ns)    Netlist Resource(s)
  -------------------------------------------------------------------    -------------------
    V17                                               0.000     0.000 f  sw0 (IN)
                         net (fo=0)                   0.000     0.000    sw0
    V17                  IBUF (Prop_ibuf_I_O)         1.453     1.453 f  sw0_IBUF_inst/O
                         net (fo=8, routed)           1.580     3.032    sw0_IBUF
    SLICE_X0Y10          LUT4 (Prop_lut4_I1_O)        0.152     3.184 r  led_OBUF[0]_inst_i_1/O
                         net (fo=1, routed)           1.878     5.062    led_OBUF[0]
    U16                  OBUF (Prop_obuf_I_O)         3.707     8.769 r  led_OBUF[0]_inst/O
                         net (fo=0)                   0.000     8.769    led[0]
    U16                                                               r  led[0] (OUT)
  -------------------------------------------------------------------    -------------------

Slack:                    inf
  Source:                 sw2
                            (input port)
  Destination:            led[7]
                            (output port)
  Path Group:             (none)
  Path Type:              Max at Slow Process Corner
  Data Path Delay:        8.695ns  (logic 5.322ns (61.215%)  route 3.372ns (38.785%))
  Logic Levels:           3  (IBUF=1 LUT4=1 OBUF=1)

    Location             Delay type                Incr(ns)  Path(ns)    Netlist Resource(s)
  -------------------------------------------------------------------    -------------------
    W16                                               0.000     0.000 r  sw2 (IN)
                         net (fo=0)                   0.000     0.000    sw2
    W16                  IBUF (Prop_ibuf_I_O)         1.464     1.464 r  sw2_IBUF_inst/O
                         net (fo=8, routed)           1.448     2.912    sw2_IBUF
    SLICE_X0Y10          LUT4 (Prop_lut4_I2_O)        0.150     3.062 r  led_OBUF[7]_inst_i_1/O
                         net (fo=1, routed)           1.924     4.986    led_OBUF[7]
    V14                  OBUF (Prop_obuf_I_O)         3.709     8.695 r  led_OBUF[7]_inst/O
                         net (fo=0)                   0.000     8.695    led[7]
    V14                                                               r  led[7] (OUT)
  -------------------------------------------------------------------    -------------------

Slack:                    inf
  Source:                 sw2
                            (input port)
  Destination:            led[4]
                            (output port)
  Path Group:             (none)
  Path Type:              Max at Slow Process Corner
  Data Path Delay:        8.561ns  (logic 5.096ns (59.533%)  route 3.464ns (40.467%))
  Logic Levels:           3  (IBUF=1 LUT4=1 OBUF=1)

    Location             Delay type                Incr(ns)  Path(ns)    Netlist Resource(s)
  -------------------------------------------------------------------    -------------------
    W16                                               0.000     0.000 f  sw2 (IN)
                         net (fo=0)                   0.000     0.000    sw2
    W16                  IBUF (Prop_ibuf_I_O)         1.464     1.464 f  sw2_IBUF_inst/O
                         net (fo=8, routed)           1.453     2.917    sw2_IBUF
    SLICE_X0Y10          LUT4 (Prop_lut4_I0_O)        0.124     3.041 r  led_OBUF[4]_inst_i_1/O
                         net (fo=1, routed)           2.011     5.052    led_OBUF[4]
    W18                  OBUF (Prop_obuf_I_O)         3.509     8.561 r  led_OBUF[4]_inst/O
                         net (fo=0)                   0.000     8.561    led[4]
    W18                                                               r  led[4] (OUT)
  -------------------------------------------------------------------    -------------------

Slack:                    inf
  Source:                 sw1
                            (input port)
  Destination:            led[2]
                            (output port)
  Path Group:             (none)
  Path Type:              Max at Slow Process Corner
  Data Path Delay:        8.557ns  (logic 5.086ns (59.441%)  route 3.471ns (40.559%))
  Logic Levels:           3  (IBUF=1 LUT4=1 OBUF=1)

    Location             Delay type                Incr(ns)  Path(ns)    Netlist Resource(s)
  -------------------------------------------------------------------    -------------------
    V16                                               0.000     0.000 r  sw1 (IN)
                         net (fo=0)                   0.000     0.000    sw1
    V16                  IBUF (Prop_ibuf_I_O)         1.461     1.461 r  sw1_IBUF_inst/O
                         net (fo=8, routed)           1.411     2.873    sw1_IBUF
    SLICE_X0Y10          LUT4 (Prop_lut4_I2_O)        0.124     2.997 r  led_OBUF[2]_inst_i_1/O
                         net (fo=1, routed)           2.059     5.056    led_OBUF[2]
    U19                  OBUF (Prop_obuf_I_O)         3.501     8.557 r  led_OBUF[2]_inst/O
                         net (fo=0)                   0.000     8.557    led[2]
    U19                                                               r  led[2] (OUT)
  -------------------------------------------------------------------    -------------------

Slack:                    inf
  Source:                 sw2
                            (input port)
  Destination:            led[5]
                            (output port)
  Path Group:             (none)
  Path Type:              Max at Slow Process Corner
  Data Path Delay:        8.527ns  (logic 5.335ns (62.570%)  route 3.192ns (37.430%))
  Logic Levels:           3  (IBUF=1 LUT4=1 OBUF=1)

    Location             Delay type                Incr(ns)  Path(ns)    Netlist Resource(s)
  -------------------------------------------------------------------    -------------------
    W16                                               0.000     0.000 r  sw2 (IN)
                         net (fo=0)                   0.000     0.000    sw2
    W16                  IBUF (Prop_ibuf_I_O)         1.464     1.464 r  sw2_IBUF_inst/O
                         net (fo=8, routed)           1.453     2.917    sw2_IBUF
    SLICE_X0Y10          LUT4 (Prop_lut4_I2_O)        0.154     3.071 r  led_OBUF[5]_inst_i_1/O
                         net (fo=1, routed)           1.738     4.809    led_OBUF[5]
    U15                  OBUF (Prop_obuf_I_O)         3.717     8.527 r  led_OBUF[5]_inst/O
                         net (fo=0)                   0.000     8.527    led[5]
    U15                                                               r  led[5] (OUT)
  -------------------------------------------------------------------    -------------------

Slack:                    inf
  Source:                 sw2
                            (input port)
  Destination:            led[6]
                            (output port)
  Path Group:             (none)
  Path Type:              Max at Slow Process Corner
  Data Path Delay:        8.464ns  (logic 5.094ns (60.181%)  route 3.370ns (39.819%))
  Logic Levels:           3  (IBUF=1 LUT4=1 OBUF=1)

    Location             Delay type                Incr(ns)  Path(ns)    Netlist Resource(s)
  -------------------------------------------------------------------    -------------------
    W16                                               0.000     0.000 f  sw2 (IN)
                         net (fo=0)                   0.000     0.000    sw2
    W16                  IBUF (Prop_ibuf_I_O)         1.464     1.464 f  sw2_IBUF_inst/O
                         net (fo=8, routed)           1.448     2.912    sw2_IBUF
    SLICE_X0Y10          LUT4 (Prop_lut4_I1_O)        0.124     3.036 r  led_OBUF[6]_inst_i_1/O
                         net (fo=1, routed)           1.922     4.958    led_OBUF[6]
    U14                  OBUF (Prop_obuf_I_O)         3.506     8.464 r  led_OBUF[6]_inst/O
                         net (fo=0)                   0.000     8.464    led[6]
    U14                                                               r  led[6] (OUT)
  -------------------------------------------------------------------    -------------------





Min Delay Paths
--------------------------------------------------------------------------------------
Slack:                    inf
  Source:                 sw1
                            (input port)
  Destination:            led[6]
                            (output port)
  Path Group:             (none)
  Path Type:              Min at Fast Process Corner
  Data Path Delay:        2.339ns  (logic 1.482ns (63.335%)  route 0.858ns (36.665%))
  Logic Levels:           3  (IBUF=1 LUT4=1 OBUF=1)

    Location             Delay type                Incr(ns)  Path(ns)    Netlist Resource(s)
  -------------------------------------------------------------------    -------------------
    V16                                               0.000     0.000 r  sw1 (IN)
                         net (fo=0)                   0.000     0.000    sw1
    V16                  IBUF (Prop_ibuf_I_O)         0.229     0.229 r  sw1_IBUF_inst/O
                         net (fo=8, routed)           0.410     0.640    sw1_IBUF
    SLICE_X0Y10          LUT4 (Prop_lut4_I3_O)        0.045     0.685 r  led_OBUF[6]_inst_i_1/O
                         net (fo=1, routed)           0.447     1.132    led_OBUF[6]
    U14                  OBUF (Prop_obuf_I_O)         1.207     2.339 r  led_OBUF[6]_inst/O
                         net (fo=0)                   0.000     2.339    led[6]
    U14                                                               r  led[6] (OUT)
  -------------------------------------------------------------------    -------------------

Slack:                    inf
  Source:                 sw3
                            (input port)
  Destination:            led[0]
                            (output port)
  Path Group:             (none)
  Path Type:              Min at Fast Process Corner
  Data Path Delay:        2.367ns  (logic 1.533ns (64.759%)  route 0.834ns (35.241%))
  Logic Levels:           3  (IBUF=1 LUT4=1 OBUF=1)

    Location             Delay type                Incr(ns)  Path(ns)    Netlist Resource(s)
  -------------------------------------------------------------------    -------------------
    W17                                               0.000     0.000 r  sw3 (IN)
                         net (fo=0)                   0.000     0.000    sw3
    W17                  IBUF (Prop_ibuf_I_O)         0.217     0.217 r  sw3_IBUF_inst/O
                         net (fo=8, routed)           0.418     0.635    sw3_IBUF
    SLICE_X0Y10          LUT4 (Prop_lut4_I2_O)        0.048     0.683 r  led_OBUF[0]_inst_i_1/O
                         net (fo=1, routed)           0.416     1.099    led_OBUF[0]
    U16                  OBUF (Prop_obuf_I_O)         1.268     2.367 r  led_OBUF[0]_inst/O
                         net (fo=0)                   0.000     2.367    led[0]
    U16                                                               r  led[0] (OUT)
  -------------------------------------------------------------------    -------------------

Slack:                    inf
  Source:                 sw3
                            (input port)
  Destination:            led[2]
                            (output port)
  Path Group:             (none)
  Path Type:              Min at Fast Process Corner
  Data Path Delay:        2.380ns  (logic 1.464ns (61.504%)  route 0.916ns (38.496%))
  Logic Levels:           3  (IBUF=1 LUT4=1 OBUF=1)

    Location             Delay type                Incr(ns)  Path(ns)    Netlist Resource(s)
  -------------------------------------------------------------------    -------------------
    W17                                               0.000     0.000 r  sw3 (IN)
                         net (fo=0)                   0.000     0.000    sw3
    W17                  IBUF (Prop_ibuf_I_O)         0.217     0.217 r  sw3_IBUF_inst/O
                         net (fo=8, routed)           0.419     0.636    sw3_IBUF
    SLICE_X0Y10          LUT4 (Prop_lut4_I3_O)        0.045     0.681 r  led_OBUF[2]_inst_i_1/O
                         net (fo=1, routed)           0.497     1.178    led_OBUF[2]
    U19                  OBUF (Prop_obuf_I_O)         1.202     2.380 r  led_OBUF[2]_inst/O
                         net (fo=0)                   0.000     2.380    led[2]
    U19                                                               r  led[2] (OUT)
  -------------------------------------------------------------------    -------------------

Slack:                    inf
  Source:                 sw0
                            (input port)
  Destination:            led[5]
                            (output port)
  Path Group:             (none)
  Path Type:              Min at Fast Process Corner
  Data Path Delay:        2.383ns  (logic 1.546ns (64.890%)  route 0.837ns (35.110%))
  Logic Levels:           3  (IBUF=1 LUT4=1 OBUF=1)

    Location             Delay type                Incr(ns)  Path(ns)    Netlist Resource(s)
  -------------------------------------------------------------------    -------------------
    V17                                               0.000     0.000 r  sw0 (IN)
                         net (fo=0)                   0.000     0.000    sw0
    V17                  IBUF (Prop_ibuf_I_O)         0.221     0.221 r  sw0_IBUF_inst/O
                         net (fo=8, routed)           0.465     0.685    sw0_IBUF
    SLICE_X0Y10          LUT4 (Prop_lut4_I0_O)        0.045     0.730 r  led_OBUF[5]_inst_i_1/O
                         net (fo=1, routed)           0.372     1.103    led_OBUF[5]
    U15                  OBUF (Prop_obuf_I_O)         1.281     2.383 r  led_OBUF[5]_inst/O
                         net (fo=0)                   0.000     2.383    led[5]
    U15                                                               r  led[5] (OUT)
  -------------------------------------------------------------------    -------------------

Slack:                    inf
  Source:                 sw1
                            (input port)
  Destination:            led[7]
                            (output port)
  Path Group:             (none)
  Path Type:              Min at Fast Process Corner
  Data Path Delay:        2.408ns  (logic 1.547ns (64.260%)  route 0.861ns (35.740%))
  Logic Levels:           3  (IBUF=1 LUT4=1 OBUF=1)

    Location             Delay type                Incr(ns)  Path(ns)    Netlist Resource(s)
  -------------------------------------------------------------------    -------------------
    V16                                               0.000     0.000 r  sw1 (IN)
                         net (fo=0)                   0.000     0.000    sw1
    V16                  IBUF (Prop_ibuf_I_O)         0.229     0.229 r  sw1_IBUF_inst/O
                         net (fo=8, routed)           0.410     0.640    sw1_IBUF
    SLICE_X0Y10          LUT4 (Prop_lut4_I3_O)        0.049     0.689 r  led_OBUF[7]_inst_i_1/O
                         net (fo=1, routed)           0.450     1.139    led_OBUF[7]
    V14                  OBUF (Prop_obuf_I_O)         1.269     2.408 r  led_OBUF[7]_inst/O
                         net (fo=0)                   0.000     2.408    led[7]
    V14                                                               r  led[7] (OUT)
  -------------------------------------------------------------------    -------------------

Slack:                    inf
  Source:                 sw0
                            (input port)
  Destination:            led[4]
                            (output port)
  Path Group:             (none)
  Path Type:              Min at Fast Process Corner
  Data Path Delay:        2.416ns  (logic 1.476ns (61.078%)  route 0.940ns (38.922%))
  Logic Levels:           3  (IBUF=1 LUT4=1 OBUF=1)

    Location             Delay type                Incr(ns)  Path(ns)    Netlist Resource(s)
  -------------------------------------------------------------------    -------------------
    V17                                               0.000     0.000 r  sw0 (IN)
                         net (fo=0)                   0.000     0.000    sw0
    V17                  IBUF (Prop_ibuf_I_O)         0.221     0.221 r  sw0_IBUF_inst/O
                         net (fo=8, routed)           0.465     0.685    sw0_IBUF
    SLICE_X0Y10          LUT4 (Prop_lut4_I3_O)        0.045     0.730 r  led_OBUF[4]_inst_i_1/O
                         net (fo=1, routed)           0.476     1.206    led_OBUF[4]
    W18                  OBUF (Prop_obuf_I_O)         1.210     2.416 r  led_OBUF[4]_inst/O
                         net (fo=0)                   0.000     2.416    led[4]
    W18                                                               r  led[4] (OUT)
  -------------------------------------------------------------------    -------------------

Slack:                    inf
  Source:                 sw3
                            (input port)
  Destination:            led[3]
                            (output port)
  Path Group:             (none)
  Path Type:              Min at Fast Process Corner
  Data Path Delay:        2.472ns  (logic 1.543ns (62.403%)  route 0.929ns (37.597%))
  Logic Levels:           3  (IBUF=1 LUT4=1 OBUF=1)

    Location             Delay type                Incr(ns)  Path(ns)    Netlist Resource(s)
  -------------------------------------------------------------------    -------------------
    W17                                               0.000     0.000 r  sw3 (IN)
                         net (fo=0)                   0.000     0.000    sw3
    W17                  IBUF (Prop_ibuf_I_O)         0.217     0.217 r  sw3_IBUF_inst/O
                         net (fo=8, routed)           0.419     0.636    sw3_IBUF
    SLICE_X0Y10          LUT4 (Prop_lut4_I0_O)        0.049     0.685 r  led_OBUF[3]_inst_i_1/O
                         net (fo=1, routed)           0.510     1.195    led_OBUF[3]
    V19                  OBUF (Prop_obuf_I_O)         1.277     2.472 r  led_OBUF[3]_inst/O
                         net (fo=0)                   0.000     2.472    led[3]
    V19                                                               r  led[3] (OUT)
  -------------------------------------------------------------------    -------------------

Slack:                    inf
  Source:                 sw3
                            (input port)
  Destination:            led[1]
                            (output port)
  Path Group:             (none)
  Path Type:              Min at Fast Process Corner
  Data Path Delay:        2.632ns  (logic 1.492ns (56.691%)  route 1.140ns (43.309%))
  Logic Levels:           3  (IBUF=1 LUT4=1 OBUF=1)

    Location             Delay type                Incr(ns)  Path(ns)    Netlist Resource(s)
  -------------------------------------------------------------------    -------------------
    W17                                               0.000     0.000 r  sw3 (IN)
                         net (fo=0)                   0.000     0.000    sw3
    W17                  IBUF (Prop_ibuf_I_O)         0.217     0.217 r  sw3_IBUF_inst/O
                         net (fo=8, routed)           0.418     0.635    sw3_IBUF
    SLICE_X0Y10          LUT4 (Prop_lut4_I3_O)        0.045     0.680 r  led_OBUF[1]_inst_i_1/O
                         net (fo=1, routed)           0.722     1.402    led_OBUF[1]
    E19                  OBUF (Prop_obuf_I_O)         1.231     2.632 r  led_OBUF[1]_inst/O
                         net (fo=0)                   0.000     2.632    led[1]
    E19                                                               r  led[1] (OUT)
  -------------------------------------------------------------------    -------------------





